<?xml version="1.0" encoding="UTF-8"?>
<!-- Generated by org.testng.reporters.JUnitXMLReporter -->
<testsuite hostname="LAPTOP-C2MGH3OJ" ignored="1" name="01-interview-project" tests="1" failures="0" timestamp="2022-10-30T15:09:35 EDT" time="13.907" errors="0">
  <testcase name="deleteElements" time="11.401" classname="com.InterviewTask.tests.Task"/>
  <testcase name="addElements" time="0.0" classname="com.InterviewTask.tests.Task">
    <ignored/>
  </testcase> <!-- addElements -->
</testsuite> <!-- 01-interview-project -->
